Active-HDL 10.5.216.6767 2019-05-17 16:50:08

Elaboration top modules:
Architecture                  Behavioral(tutorial1)


------------------------------------------------------------------------------------------
Entity    | Architecture | Library | Info | Compiler Version        | Compilation Options
------------------------------------------------------------------------------------------
tutorial1 | Behavioral   | work    |      | 10.5.216.6767 (Windows) | -dbg
------------------------------------------------------------------------------------------

------------------------------------------------------------------------------------------
VHDL Package             | Library | Info | Compiler Version        | Compilation Options
------------------------------------------------------------------------------------------
standard                 | std     |      |                         | <unavailable>
TEXTIO                   | std     |      |                         | <unavailable>
std_logic_1164           | ieee    |      |                         | <unavailable>
NUMERIC_STD              | ieee    |      |                         | <unavailable>
------------------------------------------------------------------------------------------

------------------------------------------------------------------------------------------
Library                  | Comment
------------------------------------------------------------------------------------------
ieee                     | Standard IEEE packages library
std                      | Standard VHDL library
work                     | None
------------------------------------------------------------------------------------------
