Exception at PC 0x00007FFE93069D98
Exception at PC 0x00007FFE93069D98
Exception at PC 0x00007FFE93069D98
Exception at PC 0x00007FFE93069D98
Exception at PC 0x00007FFE0E12E132
Attemped to write at address 0x00007FFE41F44AA4
Printing stacktrace...

[0]  [0x00007FFE0E12E132]
[1]  [0x00007FFE0E12E132]
[2]  [0x00007FFE0E12E194]
[3]  [0x00007FFE0DD7D0D7]
[4]  [0x00007FFE0DC62BCA]
[5]  [0x00007FFE0DC62FD1]
[6]  [0x00007FFE0E12EB2F]
[7]  [0x00007FFE0DFEC19D]
[8]  [0x00007FFE0DFE5942]
[9]  [0x00007FFE0DFE5AB5]
[10] (RtlDeactivateActivationContextUnsafeFast+0x1af) [0x00007FFE9671485F]
[11] (LdrShutdownProcess+0x12c) [0x00007FFE9673D43C]
[12] (RtlExitUserProcess+0xb4) [0x00007FFE9673D2F4]
[13] (FatalExit+0xa) [0x00007FFE957CC0DA]
[14] (exit+0x75) [0x00007FFE9632A045]
[15] (initterm_e+0x21d) [0x00007FFE9632A68D]
[16]  [0x00000000004014CD]
[17]  [0x000000000040151B]
[18] (BaseThreadInitThunk+0x14) [0x00007FFE957C2774]
[19] (RtlUserThreadStart+0x21) [0x00007FFE96760D51]
Done
